<?xml version="1.0" encoding="UTF-8"?>
<testng-results skipped="0" failed="0" ignored="0" total="1" passed="1">
  <reporter-output>
  </reporter-output>
  <suite name="Default suite" duration-ms="28153" started-at="2019-09-21T07:43:26Z" finished-at="2019-09-21T07:43:55Z">
    <groups>
    </groups>
    <test name="Default test" duration-ms="28153" started-at="2019-09-21T07:43:26Z" finished-at="2019-09-21T07:43:55Z">
      <class name="pageObj.Login">
        <test-method status="PASS" signature="login()[pri:0, instance:pageObj.Login@396a51ab]" name="login" duration-ms="28102" started-at="2019-09-21T07:43:26Z" finished-at="2019-09-21T07:43:55Z">
          <reporter-output>
          </reporter-output>
        </test-method> <!-- login -->
      </class> <!-- pageObj.Login -->
    </test> <!-- Default test -->
  </suite> <!-- Default suite -->
</testng-results>
